<?xml version="1.0" encoding="UTF-8"?>
<!-- Generated by org.testng.reporters.JUnitReportReporter -->
<testsuite skipped="0" hostname="Piyush" name="testcases.FacebookTest" tests="3" failures="0" timestamp="2023-04-27T21:01:54 IST" time="20.416" errors="0">
  <testcase name="test" time="8.488" classname="testcases.FacebookTest"/>
  <system-out/>
  <testcase name="test" time="6.101" classname="testcases.FacebookTest"/>
  <system-out/>
  <testcase name="test" time="5.827" classname="testcases.FacebookTest"/>
  <system-out/>
</testsuite> <!-- testcases.FacebookTest -->
