<?xml version="1.0" encoding="UTF-8"?>
<!-- Generated by org.testng.reporters.JUnitReportReporter -->
<testsuite skipped="0" hostname="Piyush" name="testcases.AmazonTest" tests="2" failures="0" timestamp="2023-04-27T21:01:54 IST" time="84.697" errors="0">
  <testcase name="test" time="40.802" classname="testcases.AmazonTest"/>
  <system-out/>
  <testcase name="test" time="43.895" classname="testcases.AmazonTest"/>
  <system-out/>
</testsuite> <!-- testcases.AmazonTest -->
